Performing C SOURCE FILE Test CMAKE_HAVE_LIBC_PTHREAD failed with the following output:
Change Dir: /home/CodesDell/catkin_ws/build/CMakeFiles/CMakeTmp

Run Build Command(s):/usr/bin/make cmTC_0184f/fast && /usr/bin/make -f CMakeFiles/cmTC_0184f.dir/build.make CMakeFiles/cmTC_0184f.dir/build
make[1]: Entering directory '/home/CodesDell/catkin_ws/build/CMakeFiles/CMakeTmp'
Building C object CMakeFiles/cmTC_0184f.dir/src.c.o
/usr/bin/cc   -DCMAKE_HAVE_LIBC_PTHREAD   -o CMakeFiles/cmTC_0184f.dir/src.c.o   -c /home/CodesDell/catkin_ws/build/CMakeFiles/CMakeTmp/src.c
Linking C executable cmTC_0184f
/usr/bin/cmake -E cmake_link_script CMakeFiles/cmTC_0184f.dir/link.txt --verbose=1
/usr/bin/cc  -DCMAKE_HAVE_LIBC_PTHREAD    -rdynamic CMakeFiles/cmTC_0184f.dir/src.c.o  -o cmTC_0184f 
/usr/bin/ld: CMakeFiles/cmTC_0184f.dir/src.c.o: in function `main':
src.c:(.text+0x46): undefined reference to `pthread_create'
/usr/bin/ld: src.c:(.text+0x52): undefined reference to `pthread_detach'
/usr/bin/ld: src.c:(.text+0x63): undefined reference to `pthread_join'
collect2: error: ld returned 1 exit status
make[1]: *** [CMakeFiles/cmTC_0184f.dir/build.make:87: cmTC_0184f] Error 1
make[1]: Leaving directory '/home/CodesDell/catkin_ws/build/CMakeFiles/CMakeTmp'
make: *** [Makefile:121: cmTC_0184f/fast] Error 2


Source file was:
#include <pthread.h>

void* test_func(void* data)
{
  return data;
}

int main(void)
{
  pthread_t thread;
  pthread_create(&thread, NULL, test_func, NULL);
  pthread_detach(thread);
  pthread_join(thread, NULL);
  pthread_atfork(NULL, NULL, NULL);
  pthread_exit(NULL);

  return 0;
}

Determining if the function pthread_create exists in the pthreads failed with the following output:
Change Dir: /home/CodesDell/catkin_ws/build/CMakeFiles/CMakeTmp

Run Build Command(s):/usr/bin/make cmTC_6a621/fast && /usr/bin/make -f CMakeFiles/cmTC_6a621.dir/build.make CMakeFiles/cmTC_6a621.dir/build
make[1]: Entering directory '/home/CodesDell/catkin_ws/build/CMakeFiles/CMakeTmp'
Building C object CMakeFiles/cmTC_6a621.dir/CheckFunctionExists.c.o
/usr/bin/cc   -DCHECK_FUNCTION_EXISTS=pthread_create   -o CMakeFiles/cmTC_6a621.dir/CheckFunctionExists.c.o   -c /usr/share/cmake-3.16/Modules/CheckFunctionExists.c
Linking C executable cmTC_6a621
/usr/bin/cmake -E cmake_link_script CMakeFiles/cmTC_6a621.dir/link.txt --verbose=1
/usr/bin/cc  -DCHECK_FUNCTION_EXISTS=pthread_create    -rdynamic CMakeFiles/cmTC_6a621.dir/CheckFunctionExists.c.o  -o cmTC_6a621  -lpthreads 
/usr/bin/ld: cannot find -lpthreads
collect2: error: ld returned 1 exit status
make[1]: *** [CMakeFiles/cmTC_6a621.dir/build.make:87: cmTC_6a621] Error 1
make[1]: Leaving directory '/home/CodesDell/catkin_ws/build/CMakeFiles/CMakeTmp'
make: *** [Makefile:121: cmTC_6a621/fast] Error 2



Performing C SOURCE FILE Test CMAKE_HAVE_LIBC_PTHREAD failed with the following output:
Change Dir: /home/CodesDell/Desktop/SmartCityRASTIC/catkin_ws/build/CMakeFiles/CMakeTmp

Run Build Command(s):/usr/bin/make cmTC_affbf/fast && make[1]: Entering directory '/home/CodesDell/Desktop/SmartCityRASTIC/catkin_ws/build/CMakeFiles/CMakeTmp'
/usr/bin/make -f CMakeFiles/cmTC_affbf.dir/build.make CMakeFiles/cmTC_affbf.dir/build
make[2]: Entering directory '/home/CodesDell/Desktop/SmartCityRASTIC/catkin_ws/build/CMakeFiles/CMakeTmp'
Building C object CMakeFiles/cmTC_affbf.dir/src.c.o
/usr/bin/cc   -DCMAKE_HAVE_LIBC_PTHREAD   -o CMakeFiles/cmTC_affbf.dir/src.c.o   -c /home/CodesDell/Desktop/SmartCityRASTIC/catkin_ws/build/CMakeFiles/CMakeTmp/src.c
Linking C executable cmTC_affbf
/usr/bin/cmake -E cmake_link_script CMakeFiles/cmTC_affbf.dir/link.txt --verbose=1
/usr/bin/cc  -DCMAKE_HAVE_LIBC_PTHREAD    -rdynamic CMakeFiles/cmTC_affbf.dir/src.c.o  -o cmTC_affbf 
/usr/bin/ld: CMakeFiles/cmTC_affbf.dir/src.c.o: in function `main':
src.c:(.text+0x46): undefined reference to `pthread_create'
/usr/bin/ld: src.c:(.text+0x52): undefined reference to `pthread_detach'
/usr/bin/ld: src.c:(.text+0x63): undefined reference to `pthread_join'
collect2: error: ld returned 1 exit status
make[2]: *** [CMakeFiles/cmTC_affbf.dir/build.make:87: cmTC_affbf] Error 1
make[2]: Leaving directory '/home/CodesDell/Desktop/SmartCityRASTIC/catkin_ws/build/CMakeFiles/CMakeTmp'
make[1]: *** [Makefile:121: cmTC_affbf/fast] Error 2
make[1]: Leaving directory '/home/CodesDell/Desktop/SmartCityRASTIC/catkin_ws/build/CMakeFiles/CMakeTmp'


Source file was:
#include <pthread.h>

void* test_func(void* data)
{
  return data;
}

int main(void)
{
  pthread_t thread;
  pthread_create(&thread, NULL, test_func, NULL);
  pthread_detach(thread);
  pthread_join(thread, NULL);
  pthread_atfork(NULL, NULL, NULL);
  pthread_exit(NULL);

  return 0;
}

Determining if the function pthread_create exists in the pthreads failed with the following output:
Change Dir: /home/CodesDell/Desktop/SmartCityRASTIC/catkin_ws/build/CMakeFiles/CMakeTmp

Run Build Command(s):/usr/bin/make cmTC_259d8/fast && make[1]: Entering directory '/home/CodesDell/Desktop/SmartCityRASTIC/catkin_ws/build/CMakeFiles/CMakeTmp'
/usr/bin/make -f CMakeFiles/cmTC_259d8.dir/build.make CMakeFiles/cmTC_259d8.dir/build
make[2]: Entering directory '/home/CodesDell/Desktop/SmartCityRASTIC/catkin_ws/build/CMakeFiles/CMakeTmp'
Building C object CMakeFiles/cmTC_259d8.dir/CheckFunctionExists.c.o
/usr/bin/cc   -DCHECK_FUNCTION_EXISTS=pthread_create   -o CMakeFiles/cmTC_259d8.dir/CheckFunctionExists.c.o   -c /usr/share/cmake-3.16/Modules/CheckFunctionExists.c
Linking C executable cmTC_259d8
/usr/bin/cmake -E cmake_link_script CMakeFiles/cmTC_259d8.dir/link.txt --verbose=1
/usr/bin/cc  -DCHECK_FUNCTION_EXISTS=pthread_create    -rdynamic CMakeFiles/cmTC_259d8.dir/CheckFunctionExists.c.o  -o cmTC_259d8  -lpthreads 
/usr/bin/ld: cannot find -lpthreads
collect2: error: ld returned 1 exit status
make[2]: *** [CMakeFiles/cmTC_259d8.dir/build.make:87: cmTC_259d8] Error 1
make[2]: Leaving directory '/home/CodesDell/Desktop/SmartCityRASTIC/catkin_ws/build/CMakeFiles/CMakeTmp'
make[1]: *** [Makefile:121: cmTC_259d8/fast] Error 2
make[1]: Leaving directory '/home/CodesDell/Desktop/SmartCityRASTIC/catkin_ws/build/CMakeFiles/CMakeTmp'



